2025-03-10 00:43:43,512 - interview-prep-api - INFO - Processing job description of length 251
2025-03-10 00:43:43,513 - interview-prep-api - INFO - Generating 5 questions for 6 identified skills
2025-03-10 00:43:44,712 - httpx - INFO - HTTP Request: POST https://api.groq.com/openai/v1/chat/completions "HTTP/1.1 200 OK"
2025-03-10 00:43:45,660 - httpx - INFO - HTTP Request: POST https://api.groq.com/openai/v1/chat/completions "HTTP/1.1 200 OK"
2025-03-10 00:43:46,544 - httpx - INFO - HTTP Request: POST https://api.groq.com/openai/v1/chat/completions "HTTP/1.1 200 OK"
2025-03-10 00:43:48,361 - httpx - INFO - HTTP Request: POST https://api.groq.com/openai/v1/chat/completions "HTTP/1.1 200 OK"
2025-03-10 00:43:49,104 - httpx - INFO - HTTP Request: POST https://api.groq.com/openai/v1/chat/completions "HTTP/1.1 200 OK"
2025-03-10 00:43:49,116 - interview-prep-api - INFO - Processing completed in 5.60s
2025-03-10 00:44:00,931 - interview-prep-api - INFO - Processing job description of length 202
2025-03-10 00:44:00,932 - interview-prep-api - INFO - Generating 3 questions for 3 identified skills
2025-03-10 00:44:01,790 - httpx - INFO - HTTP Request: POST https://api.groq.com/openai/v1/chat/completions "HTTP/1.1 200 OK"
2025-03-10 00:44:04,230 - httpx - INFO - HTTP Request: POST https://api.groq.com/openai/v1/chat/completions "HTTP/1.1 200 OK"
2025-03-10 00:44:06,294 - httpx - INFO - HTTP Request: POST https://api.groq.com/openai/v1/chat/completions "HTTP/1.1 200 OK"
2025-03-10 00:44:06,295 - interview-prep-api - INFO - Processing completed in 5.36s
2025-03-10 00:56:06,958 - interview-prep-api - INFO - Starting server on 0.0.0.0:8000
2025-03-10 00:59:02,190 - interview-prep-api - INFO - Processing job description of length 740
2025-03-10 00:59:02,190 - interview-prep-api - INFO - Generating 10 questions for 10 identified skills
2025-03-10 00:59:03,799 - httpx - INFO - HTTP Request: POST https://api.groq.com/openai/v1/chat/completions "HTTP/1.1 200 OK"
2025-03-10 00:59:05,188 - httpx - INFO - HTTP Request: POST https://api.groq.com/openai/v1/chat/completions "HTTP/1.1 200 OK"
2025-03-10 00:59:06,315 - httpx - INFO - HTTP Request: POST https://api.groq.com/openai/v1/chat/completions "HTTP/1.1 200 OK"
2025-03-10 00:59:07,625 - httpx - INFO - HTTP Request: POST https://api.groq.com/openai/v1/chat/completions "HTTP/1.1 200 OK"
2025-03-10 00:59:08,682 - httpx - INFO - HTTP Request: POST https://api.groq.com/openai/v1/chat/completions "HTTP/1.1 200 OK"
2025-03-10 00:59:09,720 - httpx - INFO - HTTP Request: POST https://api.groq.com/openai/v1/chat/completions "HTTP/1.1 200 OK"
2025-03-10 00:59:10,652 - httpx - INFO - HTTP Request: POST https://api.groq.com/openai/v1/chat/completions "HTTP/1.1 200 OK"
2025-03-10 00:59:11,685 - httpx - INFO - HTTP Request: POST https://api.groq.com/openai/v1/chat/completions "HTTP/1.1 200 OK"
2025-03-10 00:59:12,555 - httpx - INFO - HTTP Request: POST https://api.groq.com/openai/v1/chat/completions "HTTP/1.1 200 OK"
2025-03-10 00:59:13,538 - httpx - INFO - HTTP Request: POST https://api.groq.com/openai/v1/chat/completions "HTTP/1.1 200 OK"
2025-03-10 00:59:13,539 - interview-prep-api - INFO - Processing completed in 11.35s
2025-03-10 00:59:28,664 - interview-prep-api - INFO - Processing job description of length 251
2025-03-10 00:59:28,665 - interview-prep-api - INFO - Generating 6 questions for 6 identified skills
2025-03-10 00:59:29,525 - httpx - INFO - HTTP Request: POST https://api.groq.com/openai/v1/chat/completions "HTTP/1.1 200 OK"
2025-03-10 00:59:30,552 - httpx - INFO - HTTP Request: POST https://api.groq.com/openai/v1/chat/completions "HTTP/1.1 200 OK"
2025-03-10 00:59:31,575 - httpx - INFO - HTTP Request: POST https://api.groq.com/openai/v1/chat/completions "HTTP/1.1 200 OK"
2025-03-10 00:59:33,434 - httpx - INFO - HTTP Request: POST https://api.groq.com/openai/v1/chat/completions "HTTP/1.1 200 OK"
2025-03-10 00:59:37,117 - httpx - INFO - HTTP Request: POST https://api.groq.com/openai/v1/chat/completions "HTTP/1.1 200 OK"
2025-03-10 00:59:38,554 - httpx - INFO - HTTP Request: POST https://api.groq.com/openai/v1/chat/completions "HTTP/1.1 200 OK"
2025-03-10 00:59:38,559 - interview-prep-api - INFO - Processing completed in 9.89s
2025-03-10 01:01:21,992 - interview-prep-api - INFO - Processing job description of length 202
2025-03-10 01:01:21,993 - interview-prep-api - INFO - Generating 3 questions for 3 identified skills
2025-03-10 01:01:26,398 - httpx - INFO - HTTP Request: POST https://api.groq.com/openai/v1/chat/completions "HTTP/1.1 200 OK"
2025-03-10 01:01:28,740 - httpx - INFO - HTTP Request: POST https://api.groq.com/openai/v1/chat/completions "HTTP/1.1 200 OK"
2025-03-10 01:01:29,781 - httpx - INFO - HTTP Request: POST https://api.groq.com/openai/v1/chat/completions "HTTP/1.1 200 OK"
2025-03-10 01:01:29,782 - interview-prep-api - INFO - Processing completed in 7.79s
2025-03-10 09:26:20,027 - interview-prep-api - INFO - Starting server on 0.0.0.0:8000
2025-03-10 09:38:04,272 - interview-prep-api - INFO - Starting server on 0.0.0.0:8000
2025-03-10 09:40:34,706 - interview-prep-api - INFO - Processing job description of length 251
2025-03-10 09:40:34,708 - interview-prep-api - INFO - Generating 5 questions for 6 identified skills
2025-03-10 09:40:35,942 - httpx - INFO - HTTP Request: POST https://api.groq.com/openai/v1/chat/completions "HTTP/1.1 200 OK"
2025-03-10 09:40:36,731 - httpx - INFO - HTTP Request: POST https://api.groq.com/openai/v1/chat/completions "HTTP/1.1 200 OK"
2025-03-10 09:40:37,844 - httpx - INFO - HTTP Request: POST https://api.groq.com/openai/v1/chat/completions "HTTP/1.1 200 OK"
2025-03-10 09:40:39,076 - httpx - INFO - HTTP Request: POST https://api.groq.com/openai/v1/chat/completions "HTTP/1.1 200 OK"
2025-03-10 09:40:39,996 - httpx - INFO - HTTP Request: POST https://api.groq.com/openai/v1/chat/completions "HTTP/1.1 200 OK"
2025-03-10 09:40:39,999 - interview-prep-api - INFO - Processing completed in 5.29s
2025-03-10 09:42:02,250 - interview-prep-api - INFO - Processing job description of length 686
2025-03-10 09:42:02,252 - interview-prep-api - INFO - Generating 4 questions for 4 identified skills
2025-03-10 09:42:03,093 - httpx - INFO - HTTP Request: POST https://api.groq.com/openai/v1/chat/completions "HTTP/1.1 200 OK"
2025-03-10 09:42:03,861 - httpx - INFO - HTTP Request: POST https://api.groq.com/openai/v1/chat/completions "HTTP/1.1 200 OK"
2025-03-10 09:42:04,782 - httpx - INFO - HTTP Request: POST https://api.groq.com/openai/v1/chat/completions "HTTP/1.1 200 OK"
2025-03-10 09:42:05,604 - httpx - INFO - HTTP Request: POST https://api.groq.com/openai/v1/chat/completions "HTTP/1.1 200 OK"
2025-03-10 09:42:05,605 - interview-prep-api - INFO - Processing completed in 3.35s
2025-03-10 10:10:05,927 - interview-prep-api - INFO - Processing job description of length 251
2025-03-10 10:10:05,928 - interview-prep-api - INFO - Generating 6 questions for 6 identified skills
2025-03-10 10:10:07,007 - httpx - INFO - HTTP Request: POST https://api.groq.com/openai/v1/chat/completions "HTTP/1.1 200 OK"
2025-03-10 10:10:07,825 - httpx - INFO - HTTP Request: POST https://api.groq.com/openai/v1/chat/completions "HTTP/1.1 200 OK"
2025-03-10 10:10:08,646 - httpx - INFO - HTTP Request: POST https://api.groq.com/openai/v1/chat/completions "HTTP/1.1 200 OK"
2025-03-10 10:10:09,466 - httpx - INFO - HTTP Request: POST https://api.groq.com/openai/v1/chat/completions "HTTP/1.1 200 OK"
2025-03-10 10:10:10,387 - httpx - INFO - HTTP Request: POST https://api.groq.com/openai/v1/chat/completions "HTTP/1.1 200 OK"
2025-03-10 10:10:11,310 - httpx - INFO - HTTP Request: POST https://api.groq.com/openai/v1/chat/completions "HTTP/1.1 200 OK"
2025-03-10 10:10:11,313 - interview-prep-api - INFO - Processing completed in 5.39s
2025-03-10 10:10:41,133 - interview-prep-api - INFO - Processing job description of length 251
2025-03-10 10:10:41,135 - interview-prep-api - INFO - Generating 5 questions for 6 identified skills
2025-03-10 10:10:42,027 - httpx - INFO - HTTP Request: POST https://api.groq.com/openai/v1/chat/completions "HTTP/1.1 200 OK"
2025-03-10 10:10:43,064 - httpx - INFO - HTTP Request: POST https://api.groq.com/openai/v1/chat/completions "HTTP/1.1 200 OK"
2025-03-10 10:10:43,974 - httpx - INFO - HTTP Request: POST https://api.groq.com/openai/v1/chat/completions "HTTP/1.1 200 OK"
2025-03-10 10:10:44,792 - httpx - INFO - HTTP Request: POST https://api.groq.com/openai/v1/chat/completions "HTTP/1.1 200 OK"
2025-03-10 10:10:45,715 - httpx - INFO - HTTP Request: POST https://api.groq.com/openai/v1/chat/completions "HTTP/1.1 200 OK"
2025-03-10 10:10:45,717 - interview-prep-api - INFO - Processing completed in 4.58s
2025-03-10 10:13:30,426 - interview-prep-api - INFO - Processing job description of length 251
2025-03-10 10:13:30,427 - interview-prep-api - INFO - Generating 5 questions for 6 identified skills
2025-03-10 10:13:31,293 - httpx - INFO - HTTP Request: POST https://api.groq.com/openai/v1/chat/completions "HTTP/1.1 200 OK"
2025-03-10 10:13:32,265 - httpx - INFO - HTTP Request: POST https://api.groq.com/openai/v1/chat/completions "HTTP/1.1 200 OK"
2025-03-10 10:13:33,138 - httpx - INFO - HTTP Request: POST https://api.groq.com/openai/v1/chat/completions "HTTP/1.1 200 OK"
2025-03-10 10:13:34,161 - httpx - INFO - HTTP Request: POST https://api.groq.com/openai/v1/chat/completions "HTTP/1.1 200 OK"
2025-03-10 10:13:35,084 - httpx - INFO - HTTP Request: POST https://api.groq.com/openai/v1/chat/completions "HTTP/1.1 200 OK"
2025-03-10 10:13:35,095 - interview-prep-api - INFO - Processing completed in 4.67s
2025-03-10 10:14:06,587 - interview-prep-api - INFO - Processing job description of length 680
2025-03-10 10:14:06,592 - interview-prep-api - INFO - Generating 4 questions for 4 identified skills
2025-03-10 10:14:07,364 - httpx - INFO - HTTP Request: POST https://api.groq.com/openai/v1/chat/completions "HTTP/1.1 200 OK"
2025-03-10 10:14:08,260 - httpx - INFO - HTTP Request: POST https://api.groq.com/openai/v1/chat/completions "HTTP/1.1 200 OK"
2025-03-10 10:14:09,185 - httpx - INFO - HTTP Request: POST https://api.groq.com/openai/v1/chat/completions "HTTP/1.1 200 OK"
2025-03-10 10:14:10,004 - httpx - INFO - HTTP Request: POST https://api.groq.com/openai/v1/chat/completions "HTTP/1.1 200 OK"
2025-03-10 10:14:10,007 - interview-prep-api - INFO - Processing completed in 3.42s
2025-03-10 10:34:15,792 - interview-prep-api - INFO - Processing job description of length 251
2025-03-10 10:34:15,793 - interview-prep-api - INFO - Generating 5 questions for 6 identified skills
2025-03-10 10:34:18,578 - httpx - INFO - HTTP Request: POST https://api.groq.com/openai/v1/chat/completions "HTTP/1.1 200 OK"
2025-03-10 10:34:19,789 - httpx - INFO - HTTP Request: POST https://api.groq.com/openai/v1/chat/completions "HTTP/1.1 200 OK"
2025-03-10 10:34:20,667 - httpx - INFO - HTTP Request: POST https://api.groq.com/openai/v1/chat/completions "HTTP/1.1 200 OK"
2025-03-10 10:34:21,637 - httpx - INFO - HTTP Request: POST https://api.groq.com/openai/v1/chat/completions "HTTP/1.1 200 OK"
2025-03-10 10:34:22,683 - httpx - INFO - HTTP Request: POST https://api.groq.com/openai/v1/chat/completions "HTTP/1.1 200 OK"
2025-03-10 10:34:22,684 - interview-prep-api - INFO - Processing completed in 6.89s
2025-04-23 10:11:14,793 - interview-prep-api - INFO - Starting server on 0.0.0.0:8000
2025-04-23 10:15:20,190 - interview-prep-api - INFO - Processing job description of length 16
2025-04-23 10:15:20,192 - interview-prep-api - INFO - Generating 1 questions for 1 identified skills
2025-04-23 10:15:22,025 - httpx - INFO - HTTP Request: POST https://api.groq.com/openai/v1/chat/completions "HTTP/1.1 200 OK"
2025-04-23 10:15:22,032 - interview-prep-api - INFO - Processing completed in 1.84s
2025-04-23 12:38:51,028 - interview-prep-api - INFO - Processing job description of length 251
2025-04-23 12:38:51,029 - interview-prep-api - INFO - Generating 5 questions for 6 identified skills
2025-04-23 12:38:52,728 - httpx - INFO - HTTP Request: POST https://api.groq.com/openai/v1/chat/completions "HTTP/1.1 200 OK"
2025-04-23 12:38:53,748 - httpx - INFO - HTTP Request: POST https://api.groq.com/openai/v1/chat/completions "HTTP/1.1 200 OK"
2025-04-23 12:38:54,580 - httpx - INFO - HTTP Request: POST https://api.groq.com/openai/v1/chat/completions "HTTP/1.1 200 OK"
2025-04-23 12:38:55,602 - httpx - INFO - HTTP Request: POST https://api.groq.com/openai/v1/chat/completions "HTTP/1.1 200 OK"
2025-04-23 12:38:56,723 - httpx - INFO - HTTP Request: POST https://api.groq.com/openai/v1/chat/completions "HTTP/1.1 200 OK"
2025-04-23 12:38:56,725 - interview-prep-api - INFO - Processing completed in 5.70s
2025-04-24 10:59:55,414 - fastapi - ERROR - Form data requires "python-multipart" to be installed. 
You can install "python-multipart" with: 

pip install python-multipart

2025-04-24 11:01:38,959 - interview-prep-api - ERROR - Unhandled exception: bcrypt: no backends available -- recommend you install one (e.g. 'pip install bcrypt')
Traceback (most recent call last):
  File "D:\HCI-project\backend\new_env\Lib\site-packages\anyio\streams\memory.py", line 111, in receive
    return self.receive_nowait()
           ~~~~~~~~~~~~~~~~~~~^^
  File "D:\HCI-project\backend\new_env\Lib\site-packages\anyio\streams\memory.py", line 106, in receive_nowait
    raise WouldBlock
anyio.WouldBlock

During handling of the above exception, another exception occurred:

Traceback (most recent call last):
  File "D:\HCI-project\backend\new_env\Lib\site-packages\anyio\streams\memory.py", line 124, in receive
    return receiver.item
           ^^^^^^^^^^^^^
AttributeError: 'MemoryObjectItemReceiver' object has no attribute 'item'

During handling of the above exception, another exception occurred:

Traceback (most recent call last):
  File "D:\HCI-project\backend\new_env\Lib\site-packages\starlette\middleware\base.py", line 147, in call_next
    message = await recv_stream.receive()
              ^^^^^^^^^^^^^^^^^^^^^^^^^^^
  File "D:\HCI-project\backend\new_env\Lib\site-packages\anyio\streams\memory.py", line 126, in receive
    raise EndOfStream
anyio.EndOfStream

During handling of the above exception, another exception occurred:

Traceback (most recent call last):
  File "D:\HCI-project\backend\main.py", line 263, in error_handling_middleware
    return await call_next(request)
           ^^^^^^^^^^^^^^^^^^^^^^^^
  File "D:\HCI-project\backend\new_env\Lib\site-packages\starlette\middleware\base.py", line 153, in call_next
    raise app_exc
  File "D:\HCI-project\backend\new_env\Lib\site-packages\starlette\middleware\base.py", line 140, in coro
    await self.app(scope, receive_or_disconnect, send_no_error)
  File "D:\HCI-project\backend\new_env\Lib\site-packages\starlette\middleware\cors.py", line 93, in __call__
    await self.simple_response(scope, receive, send, request_headers=headers)
  File "D:\HCI-project\backend\new_env\Lib\site-packages\starlette\middleware\cors.py", line 144, in simple_response
    await self.app(scope, receive, send)
  File "D:\HCI-project\backend\new_env\Lib\site-packages\starlette\middleware\exceptions.py", line 62, in __call__
    await wrap_app_handling_exceptions(self.app, conn)(scope, receive, send)
  File "D:\HCI-project\backend\new_env\Lib\site-packages\starlette\_exception_handler.py", line 53, in wrapped_app
    raise exc
  File "D:\HCI-project\backend\new_env\Lib\site-packages\starlette\_exception_handler.py", line 42, in wrapped_app
    await app(scope, receive, sender)
  File "D:\HCI-project\backend\new_env\Lib\site-packages\starlette\routing.py", line 714, in __call__
    await self.middleware_stack(scope, receive, send)
  File "D:\HCI-project\backend\new_env\Lib\site-packages\starlette\routing.py", line 734, in app
    await route.handle(scope, receive, send)
  File "D:\HCI-project\backend\new_env\Lib\site-packages\starlette\routing.py", line 288, in handle
    await self.app(scope, receive, send)
  File "D:\HCI-project\backend\new_env\Lib\site-packages\starlette\routing.py", line 76, in app
    await wrap_app_handling_exceptions(app, request)(scope, receive, send)
  File "D:\HCI-project\backend\new_env\Lib\site-packages\starlette\_exception_handler.py", line 53, in wrapped_app
    raise exc
  File "D:\HCI-project\backend\new_env\Lib\site-packages\starlette\_exception_handler.py", line 42, in wrapped_app
    await app(scope, receive, sender)
  File "D:\HCI-project\backend\new_env\Lib\site-packages\starlette\routing.py", line 73, in app
    response = await f(request)
               ^^^^^^^^^^^^^^^^
  File "D:\HCI-project\backend\new_env\Lib\site-packages\fastapi\routing.py", line 301, in app
    raw_response = await run_endpoint_function(
                   ^^^^^^^^^^^^^^^^^^^^^^^^^^^^
    ...<3 lines>...
    )
    ^
  File "D:\HCI-project\backend\new_env\Lib\site-packages\fastapi\routing.py", line 212, in run_endpoint_function
    return await dependant.call(**values)
           ^^^^^^^^^^^^^^^^^^^^^^^^^^^^^^
  File "D:\HCI-project\backend\main.py", line 410, in signup
    hashed_password = get_password_hash(user.password)
  File "D:\HCI-project\backend\main.py", line 217, in get_password_hash
    return pwd_context.hash(password)
           ~~~~~~~~~~~~~~~~^^^^^^^^^^
  File "D:\HCI-project\backend\new_env\Lib\site-packages\passlib\context.py", line 2258, in hash
    return record.hash(secret, **kwds)
           ~~~~~~~~~~~^^^^^^^^^^^^^^^^
  File "D:\HCI-project\backend\new_env\Lib\site-packages\passlib\utils\handlers.py", line 779, in hash
    self.checksum = self._calc_checksum(secret)
                    ~~~~~~~~~~~~~~~~~~~^^^^^^^^
  File "D:\HCI-project\backend\new_env\Lib\site-packages\passlib\handlers\bcrypt.py", line 591, in _calc_checksum
    self._stub_requires_backend()
    ~~~~~~~~~~~~~~~~~~~~~~~~~~~^^
  File "D:\HCI-project\backend\new_env\Lib\site-packages\passlib\utils\handlers.py", line 2254, in _stub_requires_backend
    cls.set_backend()
    ~~~~~~~~~~~~~~~^^
  File "D:\HCI-project\backend\new_env\Lib\site-packages\passlib\utils\handlers.py", line 2156, in set_backend
    return owner.set_backend(name, dryrun=dryrun)
           ~~~~~~~~~~~~~~~~~^^^^^^^^^^^^^^^^^^^^^
  File "D:\HCI-project\backend\new_env\Lib\site-packages\passlib\utils\handlers.py", line 2176, in set_backend
    raise default_error
passlib.exc.MissingBackendError: bcrypt: no backends available -- recommend you install one (e.g. 'pip install bcrypt')

2025-04-24 11:02:29,667 - passlib.handlers.bcrypt - WARNING - (trapped) error reading bcrypt version
Traceback (most recent call last):
  File "D:\HCI-project\backend\new_env\Lib\site-packages\passlib\handlers\bcrypt.py", line 620, in _load_backend_mixin
    version = _bcrypt.__about__.__version__
              ^^^^^^^^^^^^^^^^^
AttributeError: module 'bcrypt' has no attribute '__about__'
2025-04-24 11:02:30,542 - interview-prep-api - INFO - New user registered: harsh@gmail.com
2025-04-24 11:03:19,037 - interview-prep-api - INFO - User logged in: harsh@gmail.com
2025-04-24 11:06:17,502 - interview-prep-api - INFO - User logged in: harsh@gmail.com
2025-04-24 11:23:54,971 - interview-prep-api - INFO - User logged in: harsh@gmail.com
2025-04-24 11:25:08,614 - interview-prep-api - INFO - New user registered: harsh1@gmail.com
2025-04-24 11:25:15,082 - interview-prep-api - INFO - User logged in: harsh1@gmail.com
2025-04-24 11:25:42,218 - interview-prep-api - INFO - User logged in: harsh1@gmail.com
2025-04-24 11:30:20,895 - interview-prep-api - INFO - User logged in: harsh1@gmail.com
2025-04-24 11:30:47,116 - interview-prep-api - INFO - User logged in: harsh1@gmail.com
2025-04-24 11:34:11,445 - interview-prep-api - INFO - User logged in: harsh1@gmail.com
2025-04-24 11:35:08,389 - interview-prep-api - INFO - Starting server on 0.0.0.0:8000
2025-04-24 11:35:20,780 - passlib.handlers.bcrypt - WARNING - (trapped) error reading bcrypt version
Traceback (most recent call last):
  File "D:\HCI-project\backend\new_env\Lib\site-packages\passlib\handlers\bcrypt.py", line 620, in _load_backend_mixin
    version = _bcrypt.__about__.__version__
              ^^^^^^^^^^^^^^^^^
AttributeError: module 'bcrypt' has no attribute '__about__'
2025-04-24 11:35:21,012 - interview-prep-api - INFO - User logged in: harsh1@gmail.com
2025-04-24 11:35:32,826 - interview-prep-api - INFO - User harsh1@gmail.com processing job description of length 251
2025-04-24 11:35:32,827 - interview-prep-api - INFO - Generating 5 questions for 6 identified skills
2025-04-24 11:35:34,587 - httpx - INFO - HTTP Request: POST https://api.groq.com/openai/v1/chat/completions "HTTP/1.1 200 OK"
2025-04-24 11:35:35,634 - httpx - INFO - HTTP Request: POST https://api.groq.com/openai/v1/chat/completions "HTTP/1.1 200 OK"
2025-04-24 11:35:36,651 - httpx - INFO - HTTP Request: POST https://api.groq.com/openai/v1/chat/completions "HTTP/1.1 200 OK"
2025-04-24 11:35:37,746 - httpx - INFO - HTTP Request: POST https://api.groq.com/openai/v1/chat/completions "HTTP/1.1 200 OK"
2025-04-24 11:35:38,689 - httpx - INFO - HTTP Request: POST https://api.groq.com/openai/v1/chat/completions "HTTP/1.1 200 OK"
2025-04-24 11:35:38,694 - interview-prep-api - INFO - Processing completed in 5.87s
2025-04-24 11:48:14,707 - interview-prep-api - INFO - Starting server on 0.0.0.0:8000
2025-04-24 11:49:36,048 - passlib.handlers.bcrypt - WARNING - (trapped) error reading bcrypt version
Traceback (most recent call last):
  File "D:\HCI-project\backend\new_env\Lib\site-packages\passlib\handlers\bcrypt.py", line 620, in _load_backend_mixin
    version = _bcrypt.__about__.__version__
              ^^^^^^^^^^^^^^^^^
AttributeError: module 'bcrypt' has no attribute '__about__'
2025-04-24 11:49:36,694 - interview-prep-api - INFO - New user registered: amit1@gmail.com
2025-04-24 11:49:45,292 - interview-prep-api - INFO - User logged in: amit1@gmail.com
2025-04-24 11:51:09,507 - interview-prep-api - INFO - User amit1@gmail.com processing job description of length 550
2025-04-24 11:51:09,508 - interview-prep-api - INFO - Generating 4 questions for 4 identified skills
2025-04-24 11:51:10,870 - httpx - INFO - HTTP Request: POST https://api.groq.com/openai/v1/chat/completions "HTTP/1.1 200 OK"
2025-04-24 11:51:11,856 - httpx - INFO - HTTP Request: POST https://api.groq.com/openai/v1/chat/completions "HTTP/1.1 200 OK"
2025-04-24 11:51:12,682 - httpx - INFO - HTTP Request: POST https://api.groq.com/openai/v1/chat/completions "HTTP/1.1 200 OK"
2025-04-24 11:51:13,746 - httpx - INFO - HTTP Request: POST https://api.groq.com/openai/v1/chat/completions "HTTP/1.1 200 OK"
2025-04-24 11:51:13,749 - interview-prep-api - INFO - Processing completed in 4.24s
